{
  "RSpec": {
    "coverage": {
      "/Users/l/rp/ishanswers_2/config/environment.rb": [
        null,
        1,
        null,
        null,
        1
      ],
      "/Users/l/rp/ishanswers_2/config/application.rb": [
        1,
        null,
        null,
        1,
        1,
        1,
        1,
        null,
        null,
        null,
        null,
        1,
        null,
        1,
        1,
        null,
        null,
        null,
        null,
        null,
        null,
        null,
        null,
        null,
        null,
        null,
        null,
        null
      ],
      "/Users/l/rp/ishanswers_2/config/boot.rb": [
        null,
        1,
        null,
        1
      ],
      "/Users/l/rp/ishanswers_2/config/environments/test.rb": [
        1,
        null,
        null,
        null,
        null,
        null,
        null,
        1,
        null,
        null,
        null,
        null,
        1,
        null,
        null,
        1,
        1,
        null,
        null,
        1,
        1,
        null,
        null,
        1,
        null,
        null,
        1,
        null,
        null,
        null,
        null,
        1,
        null,
        null,
        1,
        null
      ],
      "/Users/l/rp/ishanswers_2/config/initializers/backtrace_silencers.rb": [
        null,
        null,
        null,
        null,
        null,
        null,
        null
      ],
      "/Users/l/rp/ishanswers_2/config/initializers/devise.rb": [
        null,
        null,
        1,
        null,
        null,
        null,
        null,
        null,
        null,
        null,
        null,
        null,
        1,
        null,
        null,
        null,
        null,
        null,
        null,
        null,
        null,
        1,
        null,
        null,
        null,
        null,
        null,
        null,
        null,
        null,
        null,
        null,
        null,
        null,
        null,
        null,
        null,
        null,
        null,
        null,
        null,
        null,
        null,
        1,
        null,
        null,
        null,
        null,
        1,
        null,
        null,
        null,
        null,
        null,
        null,
        null,
        null,
        null,
        null,
        null,
        null,
        null,
        null,
        null,
        null,
        null,
        null,
        null,
        null,
        null,
        null,
        null,
        null,
        null,
        null,
        null,
        null,
        null,
        null,
        1,
        null,
        null,
        null,
        null,
        null,
        null,
        null,
        null,
        null,
        null,
        null,
        null,
        null,
        null,
        null,
        null,
        1,
        null,
        null,
        null,
        null,
        null,
        null,
        null,
        null,
        null,
        null,
        null,
        null,
        null,
        null,
        null,
        null,
        null,
        null,
        null,
        null,
        null,
        null,
        null,
        null,
        1,
        null,
        null,
        null,
        null,
        null,
        null,
        null,
        null,
        null,
        1,
        null,
        null,
        null,
        null,
        null,
        null,
        null,
        null,
        null,
        null,
        1,
        null,
        null,
        null,
        null,
        null,
        null,
        null,
        null,
        null,
        null,
        null,
        null,
        null,
        null,
        null,
        null,
        null,
        null,
        null,
        null,
        null,
        null,
        null,
        null,
        null,
        null,
        null,
        null,
        null,
        null,
        null,
        null,
        null,
        null,
        null,
        null,
        null,
        null,
        null,
        null,
        null,
        null,
        null,
        null,
        null,
        null,
        null,
        null,
        1,
        null,
        null,
        null,
        null,
        null,
        null,
        null,
        null,
        null,
        null,
        null,
        null,
        null,
        null,
        null,
        null,
        null,
        null,
        null,
        null,
        null,
        null,
        null,
        null,
        null,
        null,
        null,
        null,
        null,
        null,
        null,
        null,
        null,
        null,
        null,
        null,
        null,
        1,
        null,
        null,
        null,
        null,
        null,
        null,
        null,
        null,
        null,
        null,
        null,
        null,
        null,
        null,
        null,
        null,
        null,
        null,
        null,
        null,
        null,
        null,
        null,
        null,
        null,
        null,
        null,
        null,
        null
      ],
      "/Users/l/rp/ishanswers_2/config/initializers/email_vars.rb": [
        1,
        1
      ],
      "/Users/l/rp/ishanswers_2/config/initializers/filter_parameter_logging.rb": [
        null,
        null,
        null,
        1
      ],
      "/Users/l/rp/ishanswers_2/config/initializers/inflections.rb": [
        null,
        null,
        null,
        null,
        null,
        null,
        null,
        null,
        null,
        null,
        null,
        null,
        null,
        null,
        null,
        null
      ],
      "/Users/l/rp/ishanswers_2/config/initializers/mime_types.rb": [
        null,
        null,
        null,
        null,
        null
      ],
      "/Users/l/rp/ishanswers_2/config/initializers/secret_token.rb": [
        null,
        null,
        null,
        null,
        null,
        null,
        null,
        null,
        null,
        null,
        null,
        1
      ],
      "/Users/l/rp/ishanswers_2/config/initializers/session_store.rb": [
        null,
        null,
        1
      ],
      "/Users/l/rp/ishanswers_2/config/initializers/setup_mail.rb": [
        1,
        null,
        null,
        null,
        null,
        null,
        null,
        null,
        null,
        null
      ],
      "/Users/l/rp/ishanswers_2/config/initializers/simple_form.rb": [
        null,
        1,
        null,
        null,
        null,
        null,
        null,
        1,
        null,
        null,
        null,
        null,
        null,
        null,
        null,
        null,
        null,
        1,
        null,
        null,
        null,
        1,
        null,
        null,
        null,
        null,
        null,
        null,
        null,
        null,
        1,
        null,
        null,
        1,
        null,
        null,
        1,
        null,
        null,
        1,
        null,
        null,
        1,
        1,
        1,
        null,
        null,
        null,
        null,
        null,
        null,
        null,
        null,
        null,
        1,
        null,
        null,
        null,
        null,
        null,
        1,
        null,
        null,
        1,
        null,
        null,
        null,
        null,
        null,
        null,
        null,
        1,
        null,
        null,
        1,
        null,
        null,
        null,
        null,
        null,
        null,
        null,
        null,
        null,
        null,
        null,
        null,
        null,
        null,
        null,
        null,
        null,
        null,
        null,
        null,
        null,
        null,
        null,
        null,
        null,
        null,
        null,
        null,
        null,
        null,
        null,
        null,
        null,
        null,
        null,
        null,
        null,
        null,
        null,
        null,
        null,
        null,
        null,
        null,
        null,
        1,
        null,
        null,
        null,
        null,
        null,
        null,
        null,
        null,
        null,
        null,
        null,
        null,
        null,
        null,
        null,
        null,
        null,
        null,
        null,
        null,
        null,
        null,
        null,
        null,
        null,
        null,
        null,
        null,
        null,
        null,
        null,
        null,
        null,
        null,
        null,
        null,
        1,
        null,
        null,
        null,
        null,
        null,
        null,
        null,
        null
      ],
      "/Users/l/rp/ishanswers_2/config/initializers/wrap_parameters.rb": [
        null,
        null,
        null,
        null,
        null,
        null,
        1,
        1,
        null,
        null,
        null,
        null,
        null,
        null
      ],
      "/Users/l/rp/ishanswers_2/spec/factories/answers.rb": [
        1,
        1,
        1,
        1,
        1,
        null,
        null
      ],
      "/Users/l/rp/ishanswers_2/spec/factories/comments.rb": [
        1,
        1,
        1,
        1,
        null,
        null
      ],
      "/Users/l/rp/ishanswers_2/spec/factories/questions.rb": [
        1,
        1,
        13,
        1,
        null,
        null
      ],
      "/Users/l/rp/ishanswers_2/spec/factories/users.rb": [
        1,
        1,
        1,
        1,
        22,
        null,
        1,
        1,
        null,
        null
      ],
      "/Users/l/rp/ishanswers_2/config/routes.rb": [
        1,
        null,
        1,
        null,
        1,
        1,
        1,
        1,
        1,
        1,
        1,
        1,
        null,
        null,
        null,
        null,
        1,
        null,
        1,
        1,
        null,
        null,
        null,
        null,
        null,
        null,
        null,
        null,
        null,
        null,
        null,
        null,
        null,
        null,
        null,
        null,
        null,
        null,
        null,
        null,
        null,
        null,
        null,
        null,
        null,
        null,
        null,
        null,
        null,
        null,
        null,
        null,
        null,
        null,
        null,
        null,
        null,
        null,
        null,
        null,
        null,
        null,
        null,
        null,
        null,
        null,
        null,
        null,
        null,
        null,
        null,
        null,
        null,
        null,
        null,
        null
      ],
      "/Users/l/rp/ishanswers_2/app/models/user.rb": [
        1,
        null,
        null,
        1,
        null,
        null,
        1,
        1,
        null,
        1,
        1,
        null,
        1,
        1,
        null,
        1,
        0,
        null,
        null,
        1,
        0,
        null,
        null,
        1,
        2,
        1,
        null,
        1,
        null,
        null,
        null,
        null
      ],
      "/Users/l/rp/ishanswers_2/app/helpers/answers_helper.rb": [
        1,
        null
      ],
      "/Users/l/rp/ishanswers_2/app/helpers/application_helper.rb": [
        1,
        null,
        1,
        0,
        null,
        null,
        null
      ],
      "/Users/l/rp/ishanswers_2/app/helpers/comments_helper.rb": [
        1,
        null
      ],
      "/Users/l/rp/ishanswers_2/app/helpers/favorites_helper.rb": [
        1,
        null
      ],
      "/Users/l/rp/ishanswers_2/app/helpers/home_helper.rb": [
        1,
        null
      ],
      "/Users/l/rp/ishanswers_2/app/helpers/questions_helper.rb": [
        1,
        null
      ],
      "/Users/l/rp/ishanswers_2/app/helpers/votes_helper.rb": [
        1,
        null
      ],
      "/Users/l/rp/ishanswers_2/spec/support/devise.rb": [
        1,
        1,
        null
      ],
      "/Users/l/rp/ishanswers_2/spec/controllers/answers_controller_spec.rb": [
        1,
        null,
        1,
        null,
        null
      ],
      "/Users/l/rp/ishanswers_2/spec/rails_helper.rb": [
        null,
        1,
        1,
        1,
        1,
        null,
        null,
        null,
        null,
        null,
        null,
        null,
        null,
        null,
        null,
        null,
        null,
        null,
        null,
        null,
        null,
        null,
        null,
        null,
        null,
        1,
        null,
        1,
        null,
        1,
        null,
        null,
        null,
        null,
        1,
        null,
        null,
        null,
        null,
        null,
        null,
        null,
        null,
        null,
        null,
        null,
        null,
        null,
        null,
        1,
        null
      ],
      "/Users/l/rp/ishanswers_2/app/controllers/answers_controller.rb": [
        1,
        1,
        1,
        1,
        1,
        0,
        0,
        0,
        0,
        null,
        0,
        0,
        0,
        null,
        0,
        0,
        null,
        null,
        null,
        null,
        1,
        0,
        0,
        0,
        0,
        0,
        null,
        0,
        0,
        null,
        null,
        null,
        1,
        1,
        0,
        null,
        1,
        0,
        null,
        1,
        0,
        null,
        null
      ],
      "/Users/l/rp/ishanswers_2/app/controllers/application_controller.rb": [
        1,
        null,
        null,
        1,
        null,
        1,
        null,
        1,
        null,
        1,
        null,
        0,
        null,
        0,
        null,
        null
      ],
      "/Users/l/rp/ishanswers_2/spec/controllers/comments_controller_spec.rb": [
        1,
        null,
        1,
        1,
        13,
        10,
        1,
        5,
        null,
        1,
        3,
        null,
        1,
        1,
        1,
        4,
        null,
        1,
        1,
        1,
        null,
        null,
        1,
        7,
        1,
        1,
        1,
        1,
        2,
        null,
        1,
        1,
        1,
        2,
        null,
        1,
        1,
        1,
        null,
        null,
        1,
        1,
        4,
        null,
        1,
        1,
        1,
        null,
        1,
        1,
        1,
        null,
        null,
        null,
        null,
        1,
        5,
        1,
        4,
        null,
        1,
        1,
        1,
        1,
        null,
        null,
        1,
        4,
        1,
        4,
        null,
        1,
        1,
        1,
        null,
        1,
        1,
        1,
        null,
        null,
        null,
        null,
        null
      ],
      "/Users/l/rp/ishanswers_2/app/controllers/comments_controller.rb": [
        1,
        1,
        1,
        6,
        6,
        6,
        3,
        null,
        3,
        3,
        null,
        null,
        1,
        3,
        3,
        3,
        3,
        3,
        null,
        0,
        0,
        null,
        null,
        1,
        1,
        6,
        null,
        null
      ],
      "/Users/l/rp/ishanswers_2/spec/controllers/favorites_controller_spec.rb": [
        1,
        null,
        1,
        null,
        null
      ],
      "/Users/l/rp/ishanswers_2/app/controllers/favorites_controller.rb": [
        1,
        1,
        1,
        0,
        0,
        0,
        0,
        null,
        0,
        null,
        null,
        null,
        1,
        0,
        0,
        0,
        null,
        0,
        null,
        null,
        1,
        1,
        0,
        null,
        null
      ],
      "/Users/l/rp/ishanswers_2/spec/controllers/home_controller_spec.rb": [
        1,
        null,
        1,
        null,
        null
      ],
      "/Users/l/rp/ishanswers_2/app/controllers/home_controller.rb": [
        1,
        null,
        1,
        null,
        null,
        1,
        null,
        null,
        1,
        null,
        null,
        null,
        null
      ],
      "/Users/l/rp/ishanswers_2/spec/controllers/questions_controller_spec.rb": [
        1,
        null,
        1,
        null,
        null
      ],
      "/Users/l/rp/ishanswers_2/app/controllers/questions_controller.rb": [
        1,
        null,
        1,
        1,
        1,
        0,
        null,
        null,
        1,
        null,
        0,
        null,
        null,
        1,
        null,
        null,
        0,
        0,
        0,
        null,
        0,
        0,
        null,
        null,
        null,
        1,
        null,
        0,
        0,
        0,
        null,
        0,
        0,
        0,
        null,
        0,
        0,
        null,
        null,
        null,
        1,
        null,
        null,
        null,
        1,
        null,
        0,
        0,
        null,
        0,
        0,
        null,
        null,
        null,
        1,
        0,
        0,
        null,
        0,
        null,
        null,
        null,
        null,
        null,
        null,
        null,
        null,
        null,
        null,
        null,
        null,
        null,
        null,
        null,
        1,
        1,
        0,
        null,
        1,
        null,
        0,
        0,
        null,
        null
      ],
      "/Users/l/rp/ishanswers_2/spec/controllers/votes_controller_spec.rb": [
        1,
        null,
        1,
        null,
        null
      ],
      "/Users/l/rp/ishanswers_2/app/controllers/votes_controller.rb": [
        1,
        1,
        1,
        1,
        0,
        0,
        0,
        0,
        0,
        null,
        0,
        null,
        null,
        null,
        1,
        0,
        0,
        0,
        0,
        null,
        0,
        null,
        null,
        null,
        1,
        0,
        0,
        0,
        null,
        0,
        null,
        null,
        null,
        1,
        null,
        1,
        0,
        null,
        null,
        1,
        0,
        null,
        null
      ],
      "/Users/l/rp/ishanswers_2/spec/helpers/answers_helper_spec.rb": [
        1,
        null,
        null,
        null,
        null,
        null,
        null,
        null,
        null,
        null,
        null,
        null,
        1,
        1,
        null
      ],
      "/Users/l/rp/ishanswers_2/spec/helpers/comments_helper_spec.rb": [
        1,
        null,
        null,
        null,
        null,
        null,
        null,
        null,
        null,
        null,
        null,
        null,
        1,
        1,
        null
      ],
      "/Users/l/rp/ishanswers_2/spec/helpers/favorites_helper_spec.rb": [
        1,
        null,
        null,
        null,
        null,
        null,
        null,
        null,
        null,
        null,
        null,
        null,
        1,
        1,
        null
      ],
      "/Users/l/rp/ishanswers_2/spec/helpers/home_helper_spec.rb": [
        1,
        null,
        null,
        null,
        null,
        null,
        null,
        null,
        null,
        null,
        null,
        null,
        1,
        1,
        null
      ],
      "/Users/l/rp/ishanswers_2/spec/helpers/questions_helper_spec.rb": [
        1,
        null,
        null,
        null,
        null,
        null,
        null,
        null,
        null,
        null,
        null,
        null,
        1,
        1,
        null
      ],
      "/Users/l/rp/ishanswers_2/spec/helpers/votes_helper_spec.rb": [
        1,
        null,
        null,
        null,
        null,
        null,
        null,
        null,
        null,
        null,
        null,
        null,
        1,
        1,
        null
      ],
      "/Users/l/rp/ishanswers_2/spec/mailers/ishanswers2_mailer_spec.rb": [
        1,
        null,
        1,
        1,
        null
      ],
      "/Users/l/rp/ishanswers_2/app/mailers/ishanswers2_mailer.rb": [
        1,
        1,
        1,
        null,
        null
      ],
      "/Users/l/rp/ishanswers_2/spec/models/answer_spec.rb": [
        1,
        null,
        1,
        1,
        1,
        1,
        1,
        null,
        null
      ],
      "/Users/l/rp/ishanswers_2/app/models/answer.rb": [
        1,
        null,
        1,
        1,
        1,
        1,
        1,
        1,
        null,
        1,
        13,
        null,
        null,
        null
      ],
      "/Users/l/rp/ishanswers_2/spec/models/categorization_spec.rb": [
        1,
        null,
        1,
        1,
        null
      ],
      "/Users/l/rp/ishanswers_2/app/models/categorization.rb": [
        1,
        1,
        1,
        null
      ],
      "/Users/l/rp/ishanswers_2/spec/models/category_spec.rb": [
        1,
        null,
        1,
        1,
        null
      ],
      "/Users/l/rp/ishanswers_2/app/models/category.rb": [
        1,
        1,
        1,
        null
      ],
      "/Users/l/rp/ishanswers_2/spec/models/comment_spec.rb": [
        1,
        null,
        1,
        null,
        1,
        1,
        1,
        null,
        null,
        1,
        1,
        1,
        1,
        1,
        null,
        null,
        1,
        1,
        1,
        null,
        null,
        1,
        1,
        1,
        1,
        1,
        1,
        null,
        1,
        1,
        1,
        1,
        1,
        null,
        null,
        1,
        1,
        24,
        null,
        1,
        1,
        null,
        1,
        1,
        null,
        null,
        null,
        null
      ],
      "/Users/l/rp/ishanswers_2/app/models/comment.rb": [
        1,
        1,
        1,
        3,
        1,
        2,
        null,
        null
      ],
      "/Users/l/rp/ishanswers_2/spec/models/favorite_spec.rb": [
        1,
        null,
        1,
        1,
        null
      ],
      "/Users/l/rp/ishanswers_2/app/models/favorite.rb": [
        1,
        1,
        1,
        1,
        null
      ],
      "/Users/l/rp/ishanswers_2/spec/models/question_detail_spec.rb": [
        1,
        null,
        1,
        1,
        null
      ],
      "/Users/l/rp/ishanswers_2/app/models/question_detail.rb": [
        1,
        1,
        null
      ],
      "/Users/l/rp/ishanswers_2/spec/models/question_spec.rb": [
        1,
        null,
        1,
        1,
        null
      ],
      "/Users/l/rp/ishanswers_2/app/models/question.rb": [
        1,
        null,
        1,
        1,
        1,
        null,
        1,
        1,
        null,
        1,
        1,
        null,
        1,
        1,
        1,
        1,
        null,
        1,
        1,
        1,
        null,
        null,
        null,
        null,
        null,
        null,
        null,
        null,
        1,
        1,
        null,
        1,
        1,
        12,
        null,
        1,
        18,
        null,
        null
      ],
      "/Users/l/rp/ishanswers_2/spec/models/rspec_person_spec.rb": [
        1,
        1,
        1,
        null,
        1,
        1,
        1,
        6,
        null,
        null,
        1,
        1,
        1,
        null,
        1,
        1,
        null,
        null,
        null,
        1,
        1,
        1,
        null,
        1,
        1,
        null,
        null,
        null,
        1,
        1,
        1,
        null,
        1,
        1,
        null,
        null,
        null,
        null,
        1,
        1,
        4,
        null,
        1,
        1,
        1,
        null,
        null,
        1,
        1,
        1,
        null,
        null,
        1,
        1,
        null,
        null,
        1,
        null,
        1,
        1,
        null,
        null,
        null,
        null
      ],
      "/Users/l/rp/ishanswers_2/app/models/person.rb": [
        1,
        1,
        1,
        10,
        null,
        1,
        0,
        null,
        null
      ],
      "/Users/l/rp/ishanswers_2/spec/models/user_spec.rb": [
        1,
        null,
        1,
        1,
        1,
        1,
        1,
        null,
        1,
        1,
        1,
        null,
        null,
        null
      ],
      "/Users/l/rp/ishanswers_2/spec/models/vote_spec.rb": [
        1,
        null,
        1,
        1,
        null
      ],
      "/Users/l/rp/ishanswers_2/app/models/vote.rb": [
        1,
        1,
        1,
        1,
        null
      ]
    },
    "timestamp": 1419388683
  }
}
